<?xml version="1.0" encoding="UTF-8" ?>
<testsuite errors="0" failures="2" hostname="MSOE-CND52937JB" name="CalculatorTest" skipped="0" tests="5" time="0.146" timestamp="2016-01-06T16:32:29">
  <properties>
[...]
</properties>
  <testcase classname="CalculatorTest" name="story1Test" time="0.003" />
  <testcase classname="CalculatorTest" name="story2Test" time="0.006">
    <failure message="expected:&lt;-1.0&gt; but was:&lt;-3.0&gt;" type="junit.framework.AssertionFailedError">junit.framework.AssertionFailedError: expected:&lt;-1.0&gt; but was:&lt;-3.0&gt;
	at CalculatorTest.story2Test(CalculatorTest.java:15)
</failure>
  </testcase>
  <testcase classname="CalculatorTest" name="story3Test" time="0.001">
    <failure message="expected:&lt;6.0&gt; but was:&lt;9.0&gt;" type="junit.framework.AssertionFailedError">junit.framework.AssertionFailedError: expected:&lt;6.0&gt; but was:&lt;9.0&gt;
	at CalculatorTest.story3Test(CalculatorTest.java:24)
</failure>
  </testcase>
  <testcase classname="CalculatorTest" name="story4Test" time="0.001" />
  <testcase classname="CalculatorTest" name="story8Test" time="0.0" />
  <system-out><![CDATA[]]></system-out>
  <system-err><![CDATA[]]></system-err>
</testsuite>
